src/history_of_vim.txt - 0 - 1970-01-20 23:59 - NULL - sha256
src/history_of_vim.txt - 1815 - 2023-03-14 11:12 - 73c530691910cb6211aa82de624444d10e23e4d1f141ce50d4792a91977f30c4 - sha256
src/history_of_vim.txt - 2059 - 2023-03-14 11:25 - b064680e112c34ca4b9c7b5e27be34bcff1ac6c29cc6f63130a2b9300b07c88e - sha256
     312 /Users/brainyki/T02D02-1/src/files.log o
o -       26 hey.txt - 
o -       26 hey.txt - 
o -       26 hey.txt - 
hey.txt -       26 hey.txt - 
hey.txt -       26 hey.txt - 
hey.txt -       26 - 
hey.txt -       26 - 
hey.txt -       26 - 
hey.txt -       26 - 
hey.txt -       26 - 
hey.txt -       26 - 
help.txt -  - 
help.txt -  - 
hey.txt -       26 - 
hey.txt -       26 - 
hey.txt -       26 - 
hey.txt -       26 - 
hey.txt -       26 - 
hey.txt -       26 - 
hey.txt -       26 - 
hey.txt -       26 - 
hey.txt -       26 - 
hey.txt -       26 - 
hey.txt -       26 - 
hey.txt -       26 - 
hey.txt -       26 - 
hey.txt -       26 - 
hey.txt -       26 - 
hey.txt -       26 - 
hey.txt -       26 - 
hey.txt -       26 - 
hey.txt -       26 - 
hey.txt -       26 - 
hey.txt -       26 - 
hey.txt -       26 - 
hey.txt -       26 - 
hey.txt -       26 - 
hey.txt -       26 - 
hey.txt -       26 - 
hey.txt -       26 - 
hey.txt -       26 - 
hey.txt -       26 - 
hey.txt -       26 - 
hey.txt -       26 - 
hey.txt -       26 - 
hey.txt -       26 - 
hey.txt -       26 - 
hey.txt -       26 - 
hey.txt -       26 - 
hey.txt -       26 - 
hey.txt -       26 - 2023--14 16:46
hey.txt -       26 - 2023-03-14 16:47
hey.txt -       26 - 2023-03-14 16:52 - 46dfc820360c1e999dc910b4976969450ecc29f92e090394ee6a1a237b66ede1  hey.txt - sha256
hey.txt -       26 - 2023-03-14 16:56 - 46dfc820360c1e999dc910b4976969450ecc29f92e090394ee6a1a237b66ede1  - sha256
